{"uid":"e3c58a00da527719","name":"Verify Product Added to Cart","fullName":"in.automationtesting.practice.EndToEndShoppingExperienceTest.verifyItemIsAddedCorrectlyToCart","historyId":"585d010962b05cecfa091d22d62f8522","time":{"start":1725252534953,"stop":1725252555660,"duration":20707},"description":"Given a product is displayed, When I add it to the cart, Then it should appear in the cart","descriptionHtml":"<p>Given a product is displayed, When I add it to the cart, Then it should appear in the cart</p>\n","status":"broken","statusMessage":"Expected condition failed: waiting for in.automationtesting.practice.engine.WaitUtils$$Lambda/0x00007fe4d44ffd20@6e697153 (tried for 20 second(s) with 300 milliseconds interval)","statusTrace":"org.openqa.selenium.TimeoutException: Expected condition failed: waiting for in.automationtesting.practice.engine.WaitUtils$$Lambda/0x00007fe4d44ffd20@6e697153 (tried for 20 second(s) with 300 milliseconds interval)\n\tat org.openqa.selenium.support.ui.FluentWait.timeoutException(FluentWait.java:262)\n\tat org.openqa.selenium.support.ui.FluentWait.until(FluentWait.java:230)\n\tat in.automationtesting.practice.engine.WaitUtils.waitForElementToBeClickable(WaitUtils.java:37)\n\tat in.automationtesting.practice.engine.ActionsBot.click(ActionsBot.java:38)\n\tat in.automationtesting.practice.pages.HomePage.addProductToCart(HomePage.java:40)\n\tat in.automationtesting.practice.EndToEndShoppingExperienceTest.verifyItemIsAddedCorrectlyToCart(EndToEndShoppingExperienceTest.java:54)\n\tat java.base/jdk.internal.reflect.DirectMethodHandleAccessor.invoke(DirectMethodHandleAccessor.java:103)\n\tat java.base/java.lang.reflect.Method.invoke(Method.java:580)\n\tat org.testng.internal.invokers.MethodInvocationHelper.invokeMethod(MethodInvocationHelper.java:139)\n\tat org.testng.internal.invokers.TestInvoker.invokeMethod(TestInvoker.java:664)\n\tat org.testng.internal.invokers.TestInvoker.invokeTestMethod(TestInvoker.java:227)\n\tat org.testng.internal.invokers.MethodRunner.runInSequence(MethodRunner.java:50)\n\tat org.testng.internal.invokers.TestInvoker$MethodInvocationAgent.invoke(TestInvoker.java:957)\n\tat org.testng.internal.invokers.TestInvoker.invokeTestMethods(TestInvoker.java:200)\n\tat org.testng.internal.invokers.TestMethodWorker.invokeTestMethods(TestMethodWorker.java:148)\n\tat org.testng.internal.invokers.TestMethodWorker.run(TestMethodWorker.java:128)\n\tat java.base/java.util.concurrent.ThreadPoolExecutor.runWorker(ThreadPoolExecutor.java:1144)\n\tat java.base/java.util.concurrent.ThreadPoolExecutor$Worker.run(ThreadPoolExecutor.java:642)\n\tat java.base/java.lang.Thread.run(Thread.java:1583)\nCaused by: org.openqa.selenium.ElementClickInterceptedException: element click intercepted: Element <a rel=\"nofollow\" href=\"/?add-to-cart=163\" data-quantity=\"1\" data-product_id=\"163\" data-product_sku=\"\" class=\"button product_type_simple add_to_cart_button ajax_add_to_cart\">...</a> is not clickable at point (772, 1058). Other element would receive the click: <iframe id=\"aswift_9\" name=\"aswift_9\" browsingtopics=\"true\" style=\"width: 1005px !important; height: 124px !important; display: block; margin: 0px auto;\" sandbox=\"allow-forms allow-popups allow-popups-to-escape-sandbox allow-same-origin allow-scripts allow-top-navigation-by-user-activation\" width=\"1005\" height=\"124\" frameborder=\"0\" marginwidth=\"0\" marginheight=\"0\" vspace=\"0\" hspace=\"0\" allowtransparency=\"true\" scrolling=\"no\" allow=\"attribution-reporting\" src=\"https://googleads.g.doubleclick.net/pagead/html/r20240828/r20110914/zrt_lookup.html#RS-0-&amp;adk=1812271801&amp;client=ca-pub-9173866185064071&amp;fa=1&amp;ifi=10&amp;uci=a!a&amp;btvi=9\" data-google-container-id=\"a!a\" tabindex=\"0\" title=\"Advertisement\" aria-label=\"Advertisement\" data-google-query-id=\"CKqdpcO6o4gDFaOOjggd9SkAwg\" data-load-complete=\"true\"></iframe>\n  (Session info: chrome=127.0.6533.72)\nBuild info: version: '4.12.0', revision: '249f2a7d1b*'\nSystem info: os.name: 'Linux', os.arch: 'amd64', os.version: '6.5.0-1025-azure', java.version: '21.0.4'\nDriver info: org.openqa.selenium.remote.RemoteWebDriver\nCommand: [623b6f6b4eebbdb0ae8d9a4f67cd1c61, clickElement {id=f.93B2EA33E9D2EF10F4B9F8A0DB5ECA7D.d.67157BC28EFDB921FC0E7632F5373B35.e.202}]\nCapabilities {acceptInsecureCerts: false, browserName: chrome, browserVersion: 127.0.6533.72, chrome: {chromedriverVersion: 127.0.6533.72 (9755e24ca85a..., userDataDir: /tmp/.org.chromium.Chromium...}, fedcm:accounts: true, goog:chromeOptions: {debuggerAddress: localhost:36847}, networkConnectionEnabled: false, pageLoadStrategy: normal, platformName: linux, proxy: Proxy(), se:bidiEnabled: false, se:cdp: ws://172.18.0.5:4444/sessio..., se:cdpVersion: 127.0.6533.72, se:vnc: ws://172.18.0.5:4444/sessio..., se:vncEnabled: true, se:vncLocalAddress: ws://172.18.0.5:7900, setWindowRect: true, strictFileInteractability: false, timeouts: {implicit: 0, pageLoad: 300000, script: 30000}, unhandledPromptBehavior: dismiss and notify, webauthn:extension:credBlob: true, webauthn:extension:largeBlob: true, webauthn:extension:minPinLength: true, webauthn:extension:prf: true, webauthn:virtualAuthenticators: true}\nElement: [[RemoteWebDriver: chrome on linux (623b6f6b4eebbdb0ae8d9a4f67cd1c61)] -> xpath: //a[contains(@class, 'woocommerce-LoopProduct-link')]//h3[text()='Thinking in HTML']/parent::a/following-sibling::a[contains(@class, 'cart')]]\nSession ID: 623b6f6b4eebbdb0ae8d9a4f67cd1c61\n\tat java.base/jdk.internal.reflect.DirectConstructorHandleAccessor.newInstance(DirectConstructorHandleAccessor.java:62)\n\tat java.base/java.lang.reflect.Constructor.newInstanceWithCaller(Constructor.java:502)\n\tat java.base/java.lang.reflect.Constructor.newInstance(Constructor.java:486)\n\tat org.openqa.selenium.remote.codec.w3c.W3CHttpResponseCodec.createException(W3CHttpResponseCodec.java:200)\n\tat org.openqa.selenium.remote.codec.w3c.W3CHttpResponseCodec.decode(W3CHttpResponseCodec.java:133)\n\tat org.openqa.selenium.remote.codec.w3c.W3CHttpResponseCodec.decode(W3CHttpResponseCodec.java:52)\n\tat org.openqa.selenium.remote.HttpCommandExecutor.execute(HttpCommandExecutor.java:191)\n\tat org.openqa.selenium.remote.TracedCommandExecutor.execute(TracedCommandExecutor.java:51)\n\tat org.openqa.selenium.remote.RemoteWebDriver.execute(RemoteWebDriver.java:602)\n\tat org.openqa.selenium.remote.RemoteWebElement.execute(RemoteWebElement.java:224)\n\tat org.openqa.selenium.remote.RemoteWebElement.click(RemoteWebElement.java:77)\n\tat in.automationtesting.practice.engine.WaitUtils.lambda$waitForElementToBeClickable$1(WaitUtils.java:38)\n\tat org.openqa.selenium.support.ui.FluentWait.until(FluentWait.java:205)\n\t... 17 more\n","flaky":false,"newFailed":false,"newBroken":false,"newPassed":false,"retriesCount":0,"retriesStatusChange":false,"beforeStages":[{"name":"beforeClass","time":{"start":1725252526187,"stop":1725252528204,"duration":2017},"description":"","status":"passed","steps":[],"attachments":[],"parameters":[],"shouldDisplayMessage":false,"stepsCount":0,"attachmentsCount":0,"hasContent":false}],"testStage":{"description":"Given a product is displayed, When I add it to the cart, Then it should appear in the cart","status":"broken","statusMessage":"Expected condition failed: waiting for in.automationtesting.practice.engine.WaitUtils$$Lambda/0x00007fe4d44ffd20@6e697153 (tried for 20 second(s) with 300 milliseconds interval)","statusTrace":"org.openqa.selenium.TimeoutException: Expected condition failed: waiting for in.automationtesting.practice.engine.WaitUtils$$Lambda/0x00007fe4d44ffd20@6e697153 (tried for 20 second(s) with 300 milliseconds interval)\n\tat org.openqa.selenium.support.ui.FluentWait.timeoutException(FluentWait.java:262)\n\tat org.openqa.selenium.support.ui.FluentWait.until(FluentWait.java:230)\n\tat in.automationtesting.practice.engine.WaitUtils.waitForElementToBeClickable(WaitUtils.java:37)\n\tat in.automationtesting.practice.engine.ActionsBot.click(ActionsBot.java:38)\n\tat in.automationtesting.practice.pages.HomePage.addProductToCart(HomePage.java:40)\n\tat in.automationtesting.practice.EndToEndShoppingExperienceTest.verifyItemIsAddedCorrectlyToCart(EndToEndShoppingExperienceTest.java:54)\n\tat java.base/jdk.internal.reflect.DirectMethodHandleAccessor.invoke(DirectMethodHandleAccessor.java:103)\n\tat java.base/java.lang.reflect.Method.invoke(Method.java:580)\n\tat org.testng.internal.invokers.MethodInvocationHelper.invokeMethod(MethodInvocationHelper.java:139)\n\tat org.testng.internal.invokers.TestInvoker.invokeMethod(TestInvoker.java:664)\n\tat org.testng.internal.invokers.TestInvoker.invokeTestMethod(TestInvoker.java:227)\n\tat org.testng.internal.invokers.MethodRunner.runInSequence(MethodRunner.java:50)\n\tat org.testng.internal.invokers.TestInvoker$MethodInvocationAgent.invoke(TestInvoker.java:957)\n\tat org.testng.internal.invokers.TestInvoker.invokeTestMethods(TestInvoker.java:200)\n\tat org.testng.internal.invokers.TestMethodWorker.invokeTestMethods(TestMethodWorker.java:148)\n\tat org.testng.internal.invokers.TestMethodWorker.run(TestMethodWorker.java:128)\n\tat java.base/java.util.concurrent.ThreadPoolExecutor.runWorker(ThreadPoolExecutor.java:1144)\n\tat java.base/java.util.concurrent.ThreadPoolExecutor$Worker.run(ThreadPoolExecutor.java:642)\n\tat java.base/java.lang.Thread.run(Thread.java:1583)\nCaused by: org.openqa.selenium.ElementClickInterceptedException: element click intercepted: Element <a rel=\"nofollow\" href=\"/?add-to-cart=163\" data-quantity=\"1\" data-product_id=\"163\" data-product_sku=\"\" class=\"button product_type_simple add_to_cart_button ajax_add_to_cart\">...</a> is not clickable at point (772, 1058). Other element would receive the click: <iframe id=\"aswift_9\" name=\"aswift_9\" browsingtopics=\"true\" style=\"width: 1005px !important; height: 124px !important; display: block; margin: 0px auto;\" sandbox=\"allow-forms allow-popups allow-popups-to-escape-sandbox allow-same-origin allow-scripts allow-top-navigation-by-user-activation\" width=\"1005\" height=\"124\" frameborder=\"0\" marginwidth=\"0\" marginheight=\"0\" vspace=\"0\" hspace=\"0\" allowtransparency=\"true\" scrolling=\"no\" allow=\"attribution-reporting\" src=\"https://googleads.g.doubleclick.net/pagead/html/r20240828/r20110914/zrt_lookup.html#RS-0-&amp;adk=1812271801&amp;client=ca-pub-9173866185064071&amp;fa=1&amp;ifi=10&amp;uci=a!a&amp;btvi=9\" data-google-container-id=\"a!a\" tabindex=\"0\" title=\"Advertisement\" aria-label=\"Advertisement\" data-google-query-id=\"CKqdpcO6o4gDFaOOjggd9SkAwg\" data-load-complete=\"true\"></iframe>\n  (Session info: chrome=127.0.6533.72)\nBuild info: version: '4.12.0', revision: '249f2a7d1b*'\nSystem info: os.name: 'Linux', os.arch: 'amd64', os.version: '6.5.0-1025-azure', java.version: '21.0.4'\nDriver info: org.openqa.selenium.remote.RemoteWebDriver\nCommand: [623b6f6b4eebbdb0ae8d9a4f67cd1c61, clickElement {id=f.93B2EA33E9D2EF10F4B9F8A0DB5ECA7D.d.67157BC28EFDB921FC0E7632F5373B35.e.202}]\nCapabilities {acceptInsecureCerts: false, browserName: chrome, browserVersion: 127.0.6533.72, chrome: {chromedriverVersion: 127.0.6533.72 (9755e24ca85a..., userDataDir: /tmp/.org.chromium.Chromium...}, fedcm:accounts: true, goog:chromeOptions: {debuggerAddress: localhost:36847}, networkConnectionEnabled: false, pageLoadStrategy: normal, platformName: linux, proxy: Proxy(), se:bidiEnabled: false, se:cdp: ws://172.18.0.5:4444/sessio..., se:cdpVersion: 127.0.6533.72, se:vnc: ws://172.18.0.5:4444/sessio..., se:vncEnabled: true, se:vncLocalAddress: ws://172.18.0.5:7900, setWindowRect: true, strictFileInteractability: false, timeouts: {implicit: 0, pageLoad: 300000, script: 30000}, unhandledPromptBehavior: dismiss and notify, webauthn:extension:credBlob: true, webauthn:extension:largeBlob: true, webauthn:extension:minPinLength: true, webauthn:extension:prf: true, webauthn:virtualAuthenticators: true}\nElement: [[RemoteWebDriver: chrome on linux (623b6f6b4eebbdb0ae8d9a4f67cd1c61)] -> xpath: //a[contains(@class, 'woocommerce-LoopProduct-link')]//h3[text()='Thinking in HTML']/parent::a/following-sibling::a[contains(@class, 'cart')]]\nSession ID: 623b6f6b4eebbdb0ae8d9a4f67cd1c61\n\tat java.base/jdk.internal.reflect.DirectConstructorHandleAccessor.newInstance(DirectConstructorHandleAccessor.java:62)\n\tat java.base/java.lang.reflect.Constructor.newInstanceWithCaller(Constructor.java:502)\n\tat java.base/java.lang.reflect.Constructor.newInstance(Constructor.java:486)\n\tat org.openqa.selenium.remote.codec.w3c.W3CHttpResponseCodec.createException(W3CHttpResponseCodec.java:200)\n\tat org.openqa.selenium.remote.codec.w3c.W3CHttpResponseCodec.decode(W3CHttpResponseCodec.java:133)\n\tat org.openqa.selenium.remote.codec.w3c.W3CHttpResponseCodec.decode(W3CHttpResponseCodec.java:52)\n\tat org.openqa.selenium.remote.HttpCommandExecutor.execute(HttpCommandExecutor.java:191)\n\tat org.openqa.selenium.remote.TracedCommandExecutor.execute(TracedCommandExecutor.java:51)\n\tat org.openqa.selenium.remote.RemoteWebDriver.execute(RemoteWebDriver.java:602)\n\tat org.openqa.selenium.remote.RemoteWebElement.execute(RemoteWebElement.java:224)\n\tat org.openqa.selenium.remote.RemoteWebElement.click(RemoteWebElement.java:77)\n\tat in.automationtesting.practice.engine.WaitUtils.lambda$waitForElementToBeClickable$1(WaitUtils.java:38)\n\tat org.openqa.selenium.support.ui.FluentWait.until(FluentWait.java:205)\n\t... 17 more\n","steps":[{"name":"Add Product: Thinking in HTML to cart","time":{"start":1725252534954,"stop":1725252555659,"duration":20705},"status":"broken","statusMessage":"Expected condition failed: waiting for in.automationtesting.practice.engine.WaitUtils$$Lambda/0x00007fe4d44ffd20@6e697153 (tried for 20 second(s) with 300 milliseconds interval)","statusTrace":"org.openqa.selenium.TimeoutException: Expected condition failed: waiting for in.automationtesting.practice.engine.WaitUtils$$Lambda/0x00007fe4d44ffd20@6e697153 (tried for 20 second(s) with 300 milliseconds interval)\n\tat org.openqa.selenium.support.ui.FluentWait.timeoutException(FluentWait.java:262)\n\tat org.openqa.selenium.support.ui.FluentWait.until(FluentWait.java:230)\n\tat in.automationtesting.practice.engine.WaitUtils.waitForElementToBeClickable(WaitUtils.java:37)\n\tat in.automationtesting.practice.engine.ActionsBot.click(ActionsBot.java:38)\n\tat in.automationtesting.practice.pages.HomePage.addProductToCart(HomePage.java:40)\n\tat in.automationtesting.practice.EndToEndShoppingExperienceTest.verifyItemIsAddedCorrectlyToCart(EndToEndShoppingExperienceTest.java:54)\n\tat java.base/jdk.internal.reflect.DirectMethodHandleAccessor.invoke(DirectMethodHandleAccessor.java:103)\n\tat java.base/java.lang.reflect.Method.invoke(Method.java:580)\n\tat org.testng.internal.invokers.MethodInvocationHelper.invokeMethod(MethodInvocationHelper.java:139)\n\tat org.testng.internal.invokers.TestInvoker.invokeMethod(TestInvoker.java:664)\n\tat org.testng.internal.invokers.TestInvoker.invokeTestMethod(TestInvoker.java:227)\n\tat org.testng.internal.invokers.MethodRunner.runInSequence(MethodRunner.java:50)\n\tat org.testng.internal.invokers.TestInvoker$MethodInvocationAgent.invoke(TestInvoker.java:957)\n\tat org.testng.internal.invokers.TestInvoker.invokeTestMethods(TestInvoker.java:200)\n\tat org.testng.internal.invokers.TestMethodWorker.invokeTestMethods(TestMethodWorker.java:148)\n\tat org.testng.internal.invokers.TestMethodWorker.run(TestMethodWorker.java:128)\n\tat java.base/java.util.concurrent.ThreadPoolExecutor.runWorker(ThreadPoolExecutor.java:1144)\n\tat java.base/java.util.concurrent.ThreadPoolExecutor$Worker.run(ThreadPoolExecutor.java:642)\n\tat java.base/java.lang.Thread.run(Thread.java:1583)\nCaused by: org.openqa.selenium.ElementClickInterceptedException: element click intercepted: Element <a rel=\"nofollow\" href=\"/?add-to-cart=163\" data-quantity=\"1\" data-product_id=\"163\" data-product_sku=\"\" class=\"button product_type_simple add_to_cart_button ajax_add_to_cart\">...</a> is not clickable at point (772, 1058). Other element would receive the click: <iframe id=\"aswift_9\" name=\"aswift_9\" browsingtopics=\"true\" style=\"width: 1005px !important; height: 124px !important; display: block; margin: 0px auto;\" sandbox=\"allow-forms allow-popups allow-popups-to-escape-sandbox allow-same-origin allow-scripts allow-top-navigation-by-user-activation\" width=\"1005\" height=\"124\" frameborder=\"0\" marginwidth=\"0\" marginheight=\"0\" vspace=\"0\" hspace=\"0\" allowtransparency=\"true\" scrolling=\"no\" allow=\"attribution-reporting\" src=\"https://googleads.g.doubleclick.net/pagead/html/r20240828/r20110914/zrt_lookup.html#RS-0-&amp;adk=1812271801&amp;client=ca-pub-9173866185064071&amp;fa=1&amp;ifi=10&amp;uci=a!a&amp;btvi=9\" data-google-container-id=\"a!a\" tabindex=\"0\" title=\"Advertisement\" aria-label=\"Advertisement\" data-google-query-id=\"CKqdpcO6o4gDFaOOjggd9SkAwg\" data-load-complete=\"true\"></iframe>\n  (Session info: chrome=127.0.6533.72)\nBuild info: version: '4.12.0', revision: '249f2a7d1b*'\nSystem info: os.name: 'Linux', os.arch: 'amd64', os.version: '6.5.0-1025-azure', java.version: '21.0.4'\nDriver info: org.openqa.selenium.remote.RemoteWebDriver\nCommand: [623b6f6b4eebbdb0ae8d9a4f67cd1c61, clickElement {id=f.93B2EA33E9D2EF10F4B9F8A0DB5ECA7D.d.67157BC28EFDB921FC0E7632F5373B35.e.202}]\nCapabilities {acceptInsecureCerts: false, browserName: chrome, browserVersion: 127.0.6533.72, chrome: {chromedriverVersion: 127.0.6533.72 (9755e24ca85a..., userDataDir: /tmp/.org.chromium.Chromium...}, fedcm:accounts: true, goog:chromeOptions: {debuggerAddress: localhost:36847}, networkConnectionEnabled: false, pageLoadStrategy: normal, platformName: linux, proxy: Proxy(), se:bidiEnabled: false, se:cdp: ws://172.18.0.5:4444/sessio..., se:cdpVersion: 127.0.6533.72, se:vnc: ws://172.18.0.5:4444/sessio..., se:vncEnabled: true, se:vncLocalAddress: ws://172.18.0.5:7900, setWindowRect: true, strictFileInteractability: false, timeouts: {implicit: 0, pageLoad: 300000, script: 30000}, unhandledPromptBehavior: dismiss and notify, webauthn:extension:credBlob: true, webauthn:extension:largeBlob: true, webauthn:extension:minPinLength: true, webauthn:extension:prf: true, webauthn:virtualAuthenticators: true}\nElement: [[RemoteWebDriver: chrome on linux (623b6f6b4eebbdb0ae8d9a4f67cd1c61)] -> xpath: //a[contains(@class, 'woocommerce-LoopProduct-link')]//h3[text()='Thinking in HTML']/parent::a/following-sibling::a[contains(@class, 'cart')]]\nSession ID: 623b6f6b4eebbdb0ae8d9a4f67cd1c61\n\tat java.base/jdk.internal.reflect.DirectConstructorHandleAccessor.newInstance(DirectConstructorHandleAccessor.java:62)\n\tat java.base/java.lang.reflect.Constructor.newInstanceWithCaller(Constructor.java:502)\n\tat java.base/java.lang.reflect.Constructor.newInstance(Constructor.java:486)\n\tat org.openqa.selenium.remote.codec.w3c.W3CHttpResponseCodec.createException(W3CHttpResponseCodec.java:200)\n\tat org.openqa.selenium.remote.codec.w3c.W3CHttpResponseCodec.decode(W3CHttpResponseCodec.java:133)\n\tat org.openqa.selenium.remote.codec.w3c.W3CHttpResponseCodec.decode(W3CHttpResponseCodec.java:52)\n\tat org.openqa.selenium.remote.HttpCommandExecutor.execute(HttpCommandExecutor.java:191)\n\tat org.openqa.selenium.remote.TracedCommandExecutor.execute(TracedCommandExecutor.java:51)\n\tat org.openqa.selenium.remote.RemoteWebDriver.execute(RemoteWebDriver.java:602)\n\tat org.openqa.selenium.remote.RemoteWebElement.execute(RemoteWebElement.java:224)\n\tat org.openqa.selenium.remote.RemoteWebElement.click(RemoteWebElement.java:77)\n\tat in.automationtesting.practice.engine.WaitUtils.lambda$waitForElementToBeClickable$1(WaitUtils.java:38)\n\tat org.openqa.selenium.support.ui.FluentWait.until(FluentWait.java:205)\n\t... 17 more\n","steps":[{"name":"[Actions Bot] Click on element [ADD TO BASKET] element","time":{"start":1725252535000,"stop":1725252535000,"duration":0},"status":"passed","steps":[],"attachments":[],"parameters":[{"name":"message","value":"[Actions Bot] Click on element [ADD TO BASKET] element"}],"shouldDisplayMessage":false,"stepsCount":0,"attachmentsCount":0,"hasContent":true}],"attachments":[],"parameters":[{"name":"productName","value":"Thinking in HTML"}],"shouldDisplayMessage":true,"stepsCount":1,"attachmentsCount":0,"hasContent":true}],"attachments":[],"parameters":[],"shouldDisplayMessage":false,"stepsCount":2,"attachmentsCount":0,"hasContent":true},"afterStages":[{"name":"afterClass","time":{"start":1725252555684,"stop":1725252555806,"duration":122},"description":"","status":"passed","steps":[],"attachments":[],"parameters":[],"shouldDisplayMessage":false,"stepsCount":0,"attachmentsCount":0,"hasContent":false}],"labels":[{"name":"package","value":"in.automationtesting.practice.EndToEndShoppingExperienceTest"},{"name":"testClass","value":"in.automationtesting.practice.EndToEndShoppingExperienceTest"},{"name":"testMethod","value":"verifyItemIsAddedCorrectlyToCart"},{"name":"parentSuite","value":"Surefire suite"},{"name":"suite","value":"Surefire test"},{"name":"subSuite","value":"in.automationtesting.practice.EndToEndShoppingExperienceTest"},{"name":"host","value":"fv-az1385-862"},{"name":"thread","value":"3234@fv-az1385-862.TestNG-test=Surefire test-3(36)"},{"name":"framework","value":"testng"},{"name":"language","value":"java"},{"name":"story","value":"Shopping Cart"},{"name":"feature","value":"Checkout Flow"},{"name":"resultFormat","value":"allure2"}],"parameters":[],"links":[],"hidden":false,"retry":false,"extra":{"severity":"normal","retries":[],"categories":[{"name":"Test defects","matchedStatuses":[],"flaky":false}],"tags":[]},"source":"e3c58a00da527719.json","parameterValues":[]}