{"uid":"e2b010d789588fff","name":"Verify Billing Form Visibility","fullName":"in.automationtesting.practice.EndToEndShoppingExperienceTest.verifyBillingFormIsDisplayed","historyId":"ef131b5ac86abf74af0e7275c56760a0","time":{"start":1725330992170,"stop":1725331012487,"duration":20317},"description":"Given I am in the cart, When I proceed to checkout, Then the billing form should be displayed","descriptionHtml":"<p>Given I am in the cart, When I proceed to checkout, Then the billing form should be displayed</p>\n","status":"broken","statusMessage":"Expected condition failed: waiting for in.automationtesting.practice.engine.WaitUtils$$Lambda/0x00007f06a8504258@451048d (tried for 20 second(s) with 300 milliseconds interval)","statusTrace":"org.openqa.selenium.TimeoutException: Expected condition failed: waiting for in.automationtesting.practice.engine.WaitUtils$$Lambda/0x00007f06a8504258@451048d (tried for 20 second(s) with 300 milliseconds interval)\n\tat org.openqa.selenium.support.ui.FluentWait.timeoutException(FluentWait.java:262)\n\tat org.openqa.selenium.support.ui.FluentWait.until(FluentWait.java:230)\n\tat in.automationtesting.practice.engine.WaitUtils.waitForElementToBeClickable(WaitUtils.java:37)\n\tat in.automationtesting.practice.engine.ActionsBot.click(ActionsBot.java:38)\n\tat in.automationtesting.practice.pages.CartPage.navigateToCheckout(CartPage.java:30)\n\tat in.automationtesting.practice.EndToEndShoppingExperienceTest.verifyBillingFormIsDisplayed(EndToEndShoppingExperienceTest.java:79)\n\tat java.base/jdk.internal.reflect.DirectMethodHandleAccessor.invoke(DirectMethodHandleAccessor.java:103)\n\tat java.base/java.lang.reflect.Method.invoke(Method.java:580)\n\tat org.testng.internal.invokers.MethodInvocationHelper.invokeMethod(MethodInvocationHelper.java:139)\n\tat org.testng.internal.invokers.TestInvoker.invokeMethod(TestInvoker.java:664)\n\tat org.testng.internal.invokers.TestInvoker.invokeTestMethod(TestInvoker.java:227)\n\tat org.testng.internal.invokers.MethodRunner.runInSequence(MethodRunner.java:50)\n\tat org.testng.internal.invokers.TestInvoker$MethodInvocationAgent.invoke(TestInvoker.java:957)\n\tat org.testng.internal.invokers.TestInvoker.invokeTestMethods(TestInvoker.java:200)\n\tat org.testng.internal.invokers.TestMethodWorker.invokeTestMethods(TestMethodWorker.java:148)\n\tat org.testng.internal.invokers.TestMethodWorker.run(TestMethodWorker.java:128)\n\tat java.base/java.util.concurrent.ThreadPoolExecutor.runWorker(ThreadPoolExecutor.java:1144)\n\tat java.base/java.util.concurrent.ThreadPoolExecutor$Worker.run(ThreadPoolExecutor.java:642)\n\tat java.base/java.lang.Thread.run(Thread.java:1583)\nCaused by: org.openqa.selenium.ElementClickInterceptedException: Element <a class=\"checkout-button button alt wc-forward\" href=\"https://practice.automationtesting.in/checkout/\"> is not clickable at point (1135,628) because another element <div id=\"aswift_4_host\"> obscures it\nBuild info: version: '4.12.0', revision: '249f2a7d1b*'\nSystem info: os.name: 'Linux', os.arch: 'amd64', os.version: '6.5.0-1025-azure', java.version: '21.0.4'\nDriver info: org.openqa.selenium.remote.RemoteWebDriver\nCommand: [0821ff65-56a0-4c23-8048-d0a02a89553c, clickElement {id=1ee0f25d-0c12-45ea-b612-3d41280fd712}]\nCapabilities {acceptInsecureCerts: true, browserName: firefox, browserVersion: 128.0.3, moz:accessibilityChecks: false, moz:buildID: 20240725162350, moz:debuggerAddress: 127.0.0.1:30861, moz:firefoxOptions: {args: [--headless, --no-sandbox]}, moz:geckodriverVersion: 0.34.0, moz:headless: true, moz:platformVersion: 6.5.0-1025-azure, moz:processID: 154, moz:profile: /tmp/rust_mozprofile8tT0Ej, moz:shutdownTimeout: 60000, moz:webdriverClick: true, moz:windowless: false, pageLoadStrategy: normal, platformName: linux, proxy: Proxy(), se:bidiEnabled: false, se:cdp: ws://172.18.0.3:4444/sessio..., se:cdpVersion: 85.0, se:containerName: , se:noVncPort: 7900, se:vnc: ws://172.18.0.3:4444/sessio..., se:vncEnabled: true, se:vncLocalAddress: ws://172.18.0.3:7900, setWindowRect: true, strictFileInteractability: false, timeouts: {implicit: 0, pageLoad: 300000, script: 30000}, unhandledPromptBehavior: dismiss and notify, userAgent: Mozilla/5.0 (X11; Linux x86...}\nElement: [[RemoteWebDriver: firefox on linux (0821ff65-56a0-4c23-8048-d0a02a89553c)] -> xpath: //a[contains(@class,'checkout')]]\nSession ID: 0821ff65-56a0-4c23-8048-d0a02a89553c\n\tat java.base/jdk.internal.reflect.DirectConstructorHandleAccessor.newInstance(DirectConstructorHandleAccessor.java:62)\n\tat java.base/java.lang.reflect.Constructor.newInstanceWithCaller(Constructor.java:502)\n\tat java.base/java.lang.reflect.Constructor.newInstance(Constructor.java:486)\n\tat org.openqa.selenium.remote.codec.w3c.W3CHttpResponseCodec.createException(W3CHttpResponseCodec.java:200)\n\tat org.openqa.selenium.remote.codec.w3c.W3CHttpResponseCodec.decode(W3CHttpResponseCodec.java:133)\n\tat org.openqa.selenium.remote.codec.w3c.W3CHttpResponseCodec.decode(W3CHttpResponseCodec.java:52)\n\tat org.openqa.selenium.remote.HttpCommandExecutor.execute(HttpCommandExecutor.java:191)\n\tat org.openqa.selenium.remote.TracedCommandExecutor.execute(TracedCommandExecutor.java:51)\n\tat org.openqa.selenium.remote.RemoteWebDriver.execute(RemoteWebDriver.java:602)\n\tat org.openqa.selenium.remote.RemoteWebElement.execute(RemoteWebElement.java:224)\n\tat org.openqa.selenium.remote.RemoteWebElement.click(RemoteWebElement.java:77)\n\tat in.automationtesting.practice.engine.WaitUtils.lambda$waitForElementToBeClickable$1(WaitUtils.java:38)\n\tat org.openqa.selenium.support.ui.FluentWait.until(FluentWait.java:205)\n\t... 17 more\n","flaky":false,"newFailed":false,"newBroken":false,"newPassed":false,"retriesCount":0,"retriesStatusChange":false,"beforeStages":[{"name":"beforeClass","time":{"start":1725330979862,"stop":1725330982698,"duration":2836},"description":"","status":"passed","steps":[],"attachments":[],"parameters":[],"shouldDisplayMessage":false,"stepsCount":0,"attachmentsCount":0,"hasContent":false}],"testStage":{"description":"Given I am in the cart, When I proceed to checkout, Then the billing form should be displayed","status":"broken","statusMessage":"Expected condition failed: waiting for in.automationtesting.practice.engine.WaitUtils$$Lambda/0x00007f06a8504258@451048d (tried for 20 second(s) with 300 milliseconds interval)","statusTrace":"org.openqa.selenium.TimeoutException: Expected condition failed: waiting for in.automationtesting.practice.engine.WaitUtils$$Lambda/0x00007f06a8504258@451048d (tried for 20 second(s) with 300 milliseconds interval)\n\tat org.openqa.selenium.support.ui.FluentWait.timeoutException(FluentWait.java:262)\n\tat org.openqa.selenium.support.ui.FluentWait.until(FluentWait.java:230)\n\tat in.automationtesting.practice.engine.WaitUtils.waitForElementToBeClickable(WaitUtils.java:37)\n\tat in.automationtesting.practice.engine.ActionsBot.click(ActionsBot.java:38)\n\tat in.automationtesting.practice.pages.CartPage.navigateToCheckout(CartPage.java:30)\n\tat in.automationtesting.practice.EndToEndShoppingExperienceTest.verifyBillingFormIsDisplayed(EndToEndShoppingExperienceTest.java:79)\n\tat java.base/jdk.internal.reflect.DirectMethodHandleAccessor.invoke(DirectMethodHandleAccessor.java:103)\n\tat java.base/java.lang.reflect.Method.invoke(Method.java:580)\n\tat org.testng.internal.invokers.MethodInvocationHelper.invokeMethod(MethodInvocationHelper.java:139)\n\tat org.testng.internal.invokers.TestInvoker.invokeMethod(TestInvoker.java:664)\n\tat org.testng.internal.invokers.TestInvoker.invokeTestMethod(TestInvoker.java:227)\n\tat org.testng.internal.invokers.MethodRunner.runInSequence(MethodRunner.java:50)\n\tat org.testng.internal.invokers.TestInvoker$MethodInvocationAgent.invoke(TestInvoker.java:957)\n\tat org.testng.internal.invokers.TestInvoker.invokeTestMethods(TestInvoker.java:200)\n\tat org.testng.internal.invokers.TestMethodWorker.invokeTestMethods(TestMethodWorker.java:148)\n\tat org.testng.internal.invokers.TestMethodWorker.run(TestMethodWorker.java:128)\n\tat java.base/java.util.concurrent.ThreadPoolExecutor.runWorker(ThreadPoolExecutor.java:1144)\n\tat java.base/java.util.concurrent.ThreadPoolExecutor$Worker.run(ThreadPoolExecutor.java:642)\n\tat java.base/java.lang.Thread.run(Thread.java:1583)\nCaused by: org.openqa.selenium.ElementClickInterceptedException: Element <a class=\"checkout-button button alt wc-forward\" href=\"https://practice.automationtesting.in/checkout/\"> is not clickable at point (1135,628) because another element <div id=\"aswift_4_host\"> obscures it\nBuild info: version: '4.12.0', revision: '249f2a7d1b*'\nSystem info: os.name: 'Linux', os.arch: 'amd64', os.version: '6.5.0-1025-azure', java.version: '21.0.4'\nDriver info: org.openqa.selenium.remote.RemoteWebDriver\nCommand: [0821ff65-56a0-4c23-8048-d0a02a89553c, clickElement {id=1ee0f25d-0c12-45ea-b612-3d41280fd712}]\nCapabilities {acceptInsecureCerts: true, browserName: firefox, browserVersion: 128.0.3, moz:accessibilityChecks: false, moz:buildID: 20240725162350, moz:debuggerAddress: 127.0.0.1:30861, moz:firefoxOptions: {args: [--headless, --no-sandbox]}, moz:geckodriverVersion: 0.34.0, moz:headless: true, moz:platformVersion: 6.5.0-1025-azure, moz:processID: 154, moz:profile: /tmp/rust_mozprofile8tT0Ej, moz:shutdownTimeout: 60000, moz:webdriverClick: true, moz:windowless: false, pageLoadStrategy: normal, platformName: linux, proxy: Proxy(), se:bidiEnabled: false, se:cdp: ws://172.18.0.3:4444/sessio..., se:cdpVersion: 85.0, se:containerName: , se:noVncPort: 7900, se:vnc: ws://172.18.0.3:4444/sessio..., se:vncEnabled: true, se:vncLocalAddress: ws://172.18.0.3:7900, setWindowRect: true, strictFileInteractability: false, timeouts: {implicit: 0, pageLoad: 300000, script: 30000}, unhandledPromptBehavior: dismiss and notify, userAgent: Mozilla/5.0 (X11; Linux x86...}\nElement: [[RemoteWebDriver: firefox on linux (0821ff65-56a0-4c23-8048-d0a02a89553c)] -> xpath: //a[contains(@class,'checkout')]]\nSession ID: 0821ff65-56a0-4c23-8048-d0a02a89553c\n\tat java.base/jdk.internal.reflect.DirectConstructorHandleAccessor.newInstance(DirectConstructorHandleAccessor.java:62)\n\tat java.base/java.lang.reflect.Constructor.newInstanceWithCaller(Constructor.java:502)\n\tat java.base/java.lang.reflect.Constructor.newInstance(Constructor.java:486)\n\tat org.openqa.selenium.remote.codec.w3c.W3CHttpResponseCodec.createException(W3CHttpResponseCodec.java:200)\n\tat org.openqa.selenium.remote.codec.w3c.W3CHttpResponseCodec.decode(W3CHttpResponseCodec.java:133)\n\tat org.openqa.selenium.remote.codec.w3c.W3CHttpResponseCodec.decode(W3CHttpResponseCodec.java:52)\n\tat org.openqa.selenium.remote.HttpCommandExecutor.execute(HttpCommandExecutor.java:191)\n\tat org.openqa.selenium.remote.TracedCommandExecutor.execute(TracedCommandExecutor.java:51)\n\tat org.openqa.selenium.remote.RemoteWebDriver.execute(RemoteWebDriver.java:602)\n\tat org.openqa.selenium.remote.RemoteWebElement.execute(RemoteWebElement.java:224)\n\tat org.openqa.selenium.remote.RemoteWebElement.click(RemoteWebElement.java:77)\n\tat in.automationtesting.practice.engine.WaitUtils.lambda$waitForElementToBeClickable$1(WaitUtils.java:38)\n\tat org.openqa.selenium.support.ui.FluentWait.until(FluentWait.java:205)\n\t... 17 more\n","steps":[{"name":"Navigate to Checkout","time":{"start":1725330992171,"stop":1725331012486,"duration":20315},"status":"broken","statusMessage":"Expected condition failed: waiting for in.automationtesting.practice.engine.WaitUtils$$Lambda/0x00007f06a8504258@451048d (tried for 20 second(s) with 300 milliseconds interval)","statusTrace":"org.openqa.selenium.TimeoutException: Expected condition failed: waiting for in.automationtesting.practice.engine.WaitUtils$$Lambda/0x00007f06a8504258@451048d (tried for 20 second(s) with 300 milliseconds interval)\n\tat org.openqa.selenium.support.ui.FluentWait.timeoutException(FluentWait.java:262)\n\tat org.openqa.selenium.support.ui.FluentWait.until(FluentWait.java:230)\n\tat in.automationtesting.practice.engine.WaitUtils.waitForElementToBeClickable(WaitUtils.java:37)\n\tat in.automationtesting.practice.engine.ActionsBot.click(ActionsBot.java:38)\n\tat in.automationtesting.practice.pages.CartPage.navigateToCheckout(CartPage.java:30)\n\tat in.automationtesting.practice.EndToEndShoppingExperienceTest.verifyBillingFormIsDisplayed(EndToEndShoppingExperienceTest.java:79)\n\tat java.base/jdk.internal.reflect.DirectMethodHandleAccessor.invoke(DirectMethodHandleAccessor.java:103)\n\tat java.base/java.lang.reflect.Method.invoke(Method.java:580)\n\tat org.testng.internal.invokers.MethodInvocationHelper.invokeMethod(MethodInvocationHelper.java:139)\n\tat org.testng.internal.invokers.TestInvoker.invokeMethod(TestInvoker.java:664)\n\tat org.testng.internal.invokers.TestInvoker.invokeTestMethod(TestInvoker.java:227)\n\tat org.testng.internal.invokers.MethodRunner.runInSequence(MethodRunner.java:50)\n\tat org.testng.internal.invokers.TestInvoker$MethodInvocationAgent.invoke(TestInvoker.java:957)\n\tat org.testng.internal.invokers.TestInvoker.invokeTestMethods(TestInvoker.java:200)\n\tat org.testng.internal.invokers.TestMethodWorker.invokeTestMethods(TestMethodWorker.java:148)\n\tat org.testng.internal.invokers.TestMethodWorker.run(TestMethodWorker.java:128)\n\tat java.base/java.util.concurrent.ThreadPoolExecutor.runWorker(ThreadPoolExecutor.java:1144)\n\tat java.base/java.util.concurrent.ThreadPoolExecutor$Worker.run(ThreadPoolExecutor.java:642)\n\tat java.base/java.lang.Thread.run(Thread.java:1583)\nCaused by: org.openqa.selenium.ElementClickInterceptedException: Element <a class=\"checkout-button button alt wc-forward\" href=\"https://practice.automationtesting.in/checkout/\"> is not clickable at point (1135,628) because another element <div id=\"aswift_4_host\"> obscures it\nBuild info: version: '4.12.0', revision: '249f2a7d1b*'\nSystem info: os.name: 'Linux', os.arch: 'amd64', os.version: '6.5.0-1025-azure', java.version: '21.0.4'\nDriver info: org.openqa.selenium.remote.RemoteWebDriver\nCommand: [0821ff65-56a0-4c23-8048-d0a02a89553c, clickElement {id=1ee0f25d-0c12-45ea-b612-3d41280fd712}]\nCapabilities {acceptInsecureCerts: true, browserName: firefox, browserVersion: 128.0.3, moz:accessibilityChecks: false, moz:buildID: 20240725162350, moz:debuggerAddress: 127.0.0.1:30861, moz:firefoxOptions: {args: [--headless, --no-sandbox]}, moz:geckodriverVersion: 0.34.0, moz:headless: true, moz:platformVersion: 6.5.0-1025-azure, moz:processID: 154, moz:profile: /tmp/rust_mozprofile8tT0Ej, moz:shutdownTimeout: 60000, moz:webdriverClick: true, moz:windowless: false, pageLoadStrategy: normal, platformName: linux, proxy: Proxy(), se:bidiEnabled: false, se:cdp: ws://172.18.0.3:4444/sessio..., se:cdpVersion: 85.0, se:containerName: , se:noVncPort: 7900, se:vnc: ws://172.18.0.3:4444/sessio..., se:vncEnabled: true, se:vncLocalAddress: ws://172.18.0.3:7900, setWindowRect: true, strictFileInteractability: false, timeouts: {implicit: 0, pageLoad: 300000, script: 30000}, unhandledPromptBehavior: dismiss and notify, userAgent: Mozilla/5.0 (X11; Linux x86...}\nElement: [[RemoteWebDriver: firefox on linux (0821ff65-56a0-4c23-8048-d0a02a89553c)] -> xpath: //a[contains(@class,'checkout')]]\nSession ID: 0821ff65-56a0-4c23-8048-d0a02a89553c\n\tat java.base/jdk.internal.reflect.DirectConstructorHandleAccessor.newInstance(DirectConstructorHandleAccessor.java:62)\n\tat java.base/java.lang.reflect.Constructor.newInstanceWithCaller(Constructor.java:502)\n\tat java.base/java.lang.reflect.Constructor.newInstance(Constructor.java:486)\n\tat org.openqa.selenium.remote.codec.w3c.W3CHttpResponseCodec.createException(W3CHttpResponseCodec.java:200)\n\tat org.openqa.selenium.remote.codec.w3c.W3CHttpResponseCodec.decode(W3CHttpResponseCodec.java:133)\n\tat org.openqa.selenium.remote.codec.w3c.W3CHttpResponseCodec.decode(W3CHttpResponseCodec.java:52)\n\tat org.openqa.selenium.remote.HttpCommandExecutor.execute(HttpCommandExecutor.java:191)\n\tat org.openqa.selenium.remote.TracedCommandExecutor.execute(TracedCommandExecutor.java:51)\n\tat org.openqa.selenium.remote.RemoteWebDriver.execute(RemoteWebDriver.java:602)\n\tat org.openqa.selenium.remote.RemoteWebElement.execute(RemoteWebElement.java:224)\n\tat org.openqa.selenium.remote.RemoteWebElement.click(RemoteWebElement.java:77)\n\tat in.automationtesting.practice.engine.WaitUtils.lambda$waitForElementToBeClickable$1(WaitUtils.java:38)\n\tat org.openqa.selenium.support.ui.FluentWait.until(FluentWait.java:205)\n\t... 17 more\n","steps":[{"name":"[Actions Bot] Click on element [PROCEED TO CHECKOUT] element","time":{"start":1725330992203,"stop":1725330992203,"duration":0},"status":"passed","steps":[],"attachments":[],"parameters":[{"name":"message","value":"[Actions Bot] Click on element [PROCEED TO CHECKOUT] element"}],"shouldDisplayMessage":false,"stepsCount":0,"attachmentsCount":0,"hasContent":true}],"attachments":[],"parameters":[],"shouldDisplayMessage":true,"stepsCount":1,"attachmentsCount":0,"hasContent":true}],"attachments":[],"parameters":[],"shouldDisplayMessage":false,"stepsCount":2,"attachmentsCount":0,"hasContent":true},"afterStages":[{"name":"afterClass","time":{"start":1725331012495,"stop":1725331013102,"duration":607},"description":"","status":"passed","steps":[],"attachments":[],"parameters":[],"shouldDisplayMessage":false,"stepsCount":0,"attachmentsCount":0,"hasContent":false}],"labels":[{"name":"package","value":"in.automationtesting.practice.EndToEndShoppingExperienceTest"},{"name":"testClass","value":"in.automationtesting.practice.EndToEndShoppingExperienceTest"},{"name":"testMethod","value":"verifyBillingFormIsDisplayed"},{"name":"parentSuite","value":"Surefire suite"},{"name":"suite","value":"Surefire test"},{"name":"subSuite","value":"in.automationtesting.practice.EndToEndShoppingExperienceTest"},{"name":"host","value":"fv-az570-490"},{"name":"thread","value":"3260@fv-az570-490.TestNG-test=Surefire test-5(38)"},{"name":"framework","value":"testng"},{"name":"language","value":"java"},{"name":"story","value":"Checkout Process"},{"name":"feature","value":"Checkout Flow"},{"name":"resultFormat","value":"allure2"}],"parameters":[],"links":[],"hidden":false,"retry":false,"extra":{"severity":"normal","retries":[],"categories":[{"name":"Test defects","matchedStatuses":[],"flaky":false}],"tags":[]},"source":"e2b010d789588fff.json","parameterValues":[]}